<?xml version="1.0" encoding="UTF-8"?>
<!-- Generated by org.testng.reporters.JUnitReportReporter -->
<testsuite hostname="MSI" failures="0" tests="5" name="ATE_capstone.capstone_project.Sporty_shoes" time="1.321" errors="0" timestamp="2024-01-27T09:58:29 IST" skipped="0">
  <testcase classname="ATE_capstone.capstone_project.Sporty_shoes" name="testGetusers" time="0.014"/>
  <system-out/>
  <testcase classname="ATE_capstone.capstone_project.Sporty_shoes" name="testDeleteproduct" time="0.047"/>
  <system-out/>
  <testcase classname="ATE_capstone.capstone_project.Sporty_shoes" name="testGetProductList" time="0.032"/>
  <system-out/>
  <testcase classname="ATE_capstone.capstone_project.Sporty_shoes" name="testUpdateproduct" time="0.018"/>
  <system-out/>
  <testcase classname="ATE_capstone.capstone_project.Sporty_shoes" name="testAddproduct" time="1.210"/>
  <system-out/>
</testsuite> <!-- ATE_capstone.capstone_project.Sporty_shoes -->
